
[RUN #0 5 1]
-599 -839 593 248 211
[RUN #1 10 10]
821 493 -761 699 144 -462 150 -663 939 906
803 -997 836 -744 845 564 -560 362 -499 -831
592 988 227 -362 678 759 -936 669 -730 -922
130 44 469 -718 772 914 825 730 -994 430
-775 585 285 597 560 173 -82 651 -758 568
-272 991 469 -934 -670 -346 -809 940 -382 -761
-38 823 -768 781 -194 -130 129 -753 377 633
-108 571 -13 -724 -754 -671 333 424 -931 -428
-800 344 -811 305 -716 994 -998 279 -690 -846
-354 779 924 267 -349 -660 199 -935 778 558
[RUN #2 10 10]
-498 -635 99 -297 -824 -530 506 -828 255 -411
301 442 125 794 854 -961 402 672 -356 -42
923 264 -614 -391 768 -396 -633 45 -369 -446
-541 -962 -991 226 715 -378 934 -459 -257 -420
669 47 321 936 -967 -298 903 240 -369 49
-560 260 519 501 460 344 495 52 -2 51
350 473 -86 -645 -416 -97 -729 805 489 663
-782 25 33 289 -92 -712 -958 642 819 82
10 199 175 -181 889 -968 967 -746 287 732
-995 -797 221 -820 -487 -47 525 -728 788 -377
[RUN #3 10 10]
-417 -464 253 -474 28 548 679 614 -188 -177
360 682 210 934 -875 -963 -386 495 993 78
-463 -449 -393 908 761 513 -455 289 -692 -352
-910 95 783 -148 196 142 570 -583 176 -778
-931 -632 271 -647 651 59 -660 -503 -964 609
-937 488 -207 224 542 441 277 -639 -642 89
621 847 -897 -365 956 278 -726 -362 138 -683
912 -207 -879 -439 855 -31 410 476 -106 -173
-962 -669 529 -936 253 471 -542 -89 556 257
-51 -763 -88 420 313 -766 554 111 261 659
